<?xml version="1.0" encoding="UTF-8"?>
<!-- Generated by org.testng.reporters.JUnitReportReporter -->
<testsuite hostname="DESKTOP-FBH4OQJ" failures="0" tests="1" name="test.LogInTestTc001" time="4.504" errors="0" timestamp="2021-09-23T19:09:22 IST" skipped="0">
  <testcase classname="test.LogInTestTc001" name="LogInTest" time="4.504"/>
  <system-out/>
</testsuite> <!-- test.LogInTestTc001 -->
